 Main Python Loaded 
2020-08-31 16:37:13,961	WARNING scripts.py:320 -- The --redis-port argument will be deprecated soon. Please use --port instead.
2020-08-31 16:37:13,962	INFO scripts.py:395 -- Using IP address 10.116.28.7 for this node.
2020-08-31 16:37:13,965	INFO resource_spec.py:212 -- Starting Ray with 36.23 GiB memory available for workers and up to 18.14 GiB for objects. You can adjust these settings with ray.init(memory=<bytes>, object_store_memory=<bytes>).
2020-08-31 16:37:14,196	WARNING services.py:923 -- Redis failed to start, retrying now.
2020-08-31 16:37:14,700	INFO services.py:1165 -- View the Ray dashboard at [1m[32mlocalhost:8265[39m[22m
2020-08-31 16:37:14,791	INFO scripts.py:425 -- 
Started Ray on this node. You can add additional nodes to the cluster by calling

    ray start --address='10.116.28.7:6379' --redis-password='608d6c71-d7e2-4f60-a058-c853c1767fc9'

from the node you wish to add. You can connect a driver to the cluster from Python by running

    import ray
    ray.init(address='auto', redis_password='608d6c71-d7e2-4f60-a058-c853c1767fc9')

If you have trouble connecting from a different machine, check that your firewall is configured properly. If you wish to terminate the processes that have been started, run

    ray stop
2020-08-31 16:37:43,232	INFO scripts.py:468 -- Using IP address 10.116.28.8 for this node.
2020-08-31 16:37:43,239	INFO resource_spec.py:212 -- Starting Ray with 42.19 GiB memory available for workers and up to 18.09 GiB for objects. You can adjust these settings with ray.init(memory=<bytes>, object_store_memory=<bytes>).
2020-08-31 16:37:43,286	INFO scripts.py:477 -- 
Started Ray on this node. If you wish to terminate the processes that have been started, run

    ray stop
2020-08-31 16:38:13,637	INFO scripts.py:468 -- Using IP address 10.116.28.9 for this node.
2020-08-31 16:38:13,643	INFO resource_spec.py:212 -- Starting Ray with 42.19 GiB memory available for workers and up to 18.09 GiB for objects. You can adjust these settings with ray.init(memory=<bytes>, object_store_memory=<bytes>).
2020-08-31 16:38:13,704	INFO scripts.py:477 -- 
Started Ray on this node. If you wish to terminate the processes that have been started, run

    ray stop
2020-08-31 16:38:41,815	INFO scripts.py:468 -- Using IP address 10.116.28.10 for this node.
2020-08-31 16:38:41,821	INFO resource_spec.py:212 -- Starting Ray with 42.29 GiB memory available for workers and up to 18.14 GiB for objects. You can adjust these settings with ray.init(memory=<bytes>, object_store_memory=<bytes>).
2020-08-31 16:38:41,879	INFO scripts.py:477 -- 
Started Ray on this node. If you wish to terminate the processes that have been started, run

    ray stop
2020-08-31 16:39:12,019	INFO scripts.py:468 -- Using IP address 10.116.28.11 for this node.
2020-08-31 16:39:12,025	INFO resource_spec.py:212 -- Starting Ray with 42.33 GiB memory available for workers and up to 18.14 GiB for objects. You can adjust these settings with ray.init(memory=<bytes>, object_store_memory=<bytes>).
2020-08-31 16:39:12,087	INFO scripts.py:477 -- 
Started Ray on this node. If you wish to terminate the processes that have been started, run

    ray stop
2020-08-31 16:39:40,537	INFO scripts.py:468 -- Using IP address 10.116.28.12 for this node.
2020-08-31 16:39:40,541	INFO resource_spec.py:212 -- Starting Ray with 42.19 GiB memory available for workers and up to 18.09 GiB for objects. You can adjust these settings with ray.init(memory=<bytes>, object_store_memory=<bytes>).
2020-08-31 16:39:40,587	INFO scripts.py:477 -- 
Started Ray on this node. If you wish to terminate the processes that have been started, run

    ray stop
2020-08-31 16:40:12,273	INFO scripts.py:468 -- Using IP address 10.116.28.13 for this node.
2020-08-31 16:40:12,279	INFO resource_spec.py:212 -- Starting Ray with 42.29 GiB memory available for workers and up to 18.14 GiB for objects. You can adjust these settings with ray.init(memory=<bytes>, object_store_memory=<bytes>).
2020-08-31 16:40:12,342	INFO scripts.py:477 -- 
Started Ray on this node. If you wish to terminate the processes that have been started, run

    ray stop
2020-08-31 16:40:40,780	INFO scripts.py:468 -- Using IP address 10.116.28.14 for this node.
2020-08-31 16:40:40,787	INFO resource_spec.py:212 -- Starting Ray with 42.19 GiB memory available for workers and up to 18.09 GiB for objects. You can adjust these settings with ray.init(memory=<bytes>, object_store_memory=<bytes>).
2020-08-31 16:40:40,840	INFO scripts.py:477 -- 
Started Ray on this node. If you wish to terminate the processes that have been started, run

    ray stop
2020-08-31 16:41:14,080	INFO scripts.py:468 -- Using IP address 10.116.28.15 for this node.
2020-08-31 16:41:14,085	INFO resource_spec.py:212 -- Starting Ray with 42.29 GiB memory available for workers and up to 18.13 GiB for objects. You can adjust these settings with ray.init(memory=<bytes>, object_store_memory=<bytes>).
2020-08-31 16:41:14,145	INFO scripts.py:477 -- 
Started Ray on this node. If you wish to terminate the processes that have been started, run

    ray stop
2020-08-31 16:41:40,624	INFO scripts.py:468 -- Using IP address 10.116.28.16 for this node.
2020-08-31 16:41:40,629	INFO resource_spec.py:212 -- Starting Ray with 42.24 GiB memory available for workers and up to 18.11 GiB for objects. You can adjust these settings with ray.init(memory=<bytes>, object_store_memory=<bytes>).
2020-08-31 16:41:40,678	INFO scripts.py:477 -- 
Started Ray on this node. If you wish to terminate the processes that have been started, run

    ray stop
2020-08-31 16:42:11,648	INFO scripts.py:468 -- Using IP address 10.116.28.17 for this node.
2020-08-31 16:42:11,653	INFO resource_spec.py:212 -- Starting Ray with 42.29 GiB memory available for workers and up to 18.13 GiB for objects. You can adjust these settings with ray.init(memory=<bytes>, object_store_memory=<bytes>).
2020-08-31 16:42:11,694	INFO scripts.py:477 -- 
Started Ray on this node. If you wish to terminate the processes that have been started, run

    ray stop
2020-08-31 16:42:41,924	INFO scripts.py:468 -- Using IP address 10.116.28.18 for this node.
2020-08-31 16:42:41,929	INFO resource_spec.py:212 -- Starting Ray with 42.29 GiB memory available for workers and up to 18.13 GiB for objects. You can adjust these settings with ray.init(memory=<bytes>, object_store_memory=<bytes>).
2020-08-31 16:42:41,984	INFO scripts.py:477 -- 
Started Ray on this node. If you wish to terminate the processes that have been started, run

    ray stop
2020-08-31 16:43:11,037	INFO scripts.py:468 -- Using IP address 10.116.28.19 for this node.
2020-08-31 16:43:11,042	INFO resource_spec.py:212 -- Starting Ray with 42.29 GiB memory available for workers and up to 18.14 GiB for objects. You can adjust these settings with ray.init(memory=<bytes>, object_store_memory=<bytes>).
2020-08-31 16:43:11,098	INFO scripts.py:477 -- 
Started Ray on this node. If you wish to terminate the processes that have been started, run

    ray stop
2020-08-31 16:43:40,799	INFO scripts.py:468 -- Using IP address 10.116.28.20 for this node.
2020-08-31 16:43:40,805	INFO resource_spec.py:212 -- Starting Ray with 42.24 GiB memory available for workers and up to 18.12 GiB for objects. You can adjust these settings with ray.init(memory=<bytes>, object_store_memory=<bytes>).
2020-08-31 16:43:40,856	INFO scripts.py:477 -- 
Started Ray on this node. If you wish to terminate the processes that have been started, run

    ray stop
2020-08-31 16:44:10,549	INFO scripts.py:468 -- Using IP address 10.116.28.23 for this node.
2020-08-31 16:44:10,554	INFO resource_spec.py:212 -- Starting Ray with 42.19 GiB memory available for workers and up to 18.09 GiB for objects. You can adjust these settings with ray.init(memory=<bytes>, object_store_memory=<bytes>).
2020-08-31 16:44:10,598	INFO scripts.py:477 -- 
Started Ray on this node. If you wish to terminate the processes that have been started, run

    ray stop
2020-08-31 16:44:42,104	INFO scripts.py:468 -- Using IP address 10.116.28.24 for this node.
2020-08-31 16:44:42,111	INFO resource_spec.py:212 -- Starting Ray with 42.19 GiB memory available for workers and up to 18.09 GiB for objects. You can adjust these settings with ray.init(memory=<bytes>, object_store_memory=<bytes>).
2020-08-31 16:44:42,169	INFO scripts.py:477 -- 
Started Ray on this node. If you wish to terminate the processes that have been started, run

    ray stop
WARNING: Logging before InitGoogleLogging() is written to STDERR
I0831 16:45:18.249104 32240 32240 global_state_accessor.cc:25] Redis server address = 10.116.28.7:6379, is test flag = 0
I0831 16:45:18.250762 32240 32240 redis_client.cc:141] RedisClient connected.
I0831 16:45:18.259450 32240 32240 redis_gcs_client.cc:88] RedisGcsClient Connected.
I0831 16:45:18.261291 32240 32240 service_based_gcs_client.cc:75] ServiceBasedGcsClient Connected.
2020-08-31 16:45:18,403	ERROR worker.py:655 -- Calling ray.init() again after it has already been called.
